I, [2019-08-21T14:27:09.195145 #77356]  INFO -- : [d37ebdbe-60a6-4103-8f43-9cd32531958e] Started GET "/todos" for 127.0.0.1 at 2019-08-21 14:27:09 -0500
F, [2019-08-21T14:27:09.204528 #77356] FATAL -- : [d37ebdbe-60a6-4103-8f43-9cd32531958e]   
F, [2019-08-21T14:27:09.204588 #77356] FATAL -- : [d37ebdbe-60a6-4103-8f43-9cd32531958e] ActiveRecord::NoDatabaseError (FATAL:  database "todos-api_production" does not exist
):
F, [2019-08-21T14:27:09.204617 #77356] FATAL -- : [d37ebdbe-60a6-4103-8f43-9cd32531958e]   
F, [2019-08-21T14:27:09.204653 #77356] FATAL -- : [d37ebdbe-60a6-4103-8f43-9cd32531958e] activerecord (5.2.3) lib/active_record/connection_adapters/postgresql_adapter.rb:696:in `rescue in connect'
[d37ebdbe-60a6-4103-8f43-9cd32531958e] activerecord (5.2.3) lib/active_record/connection_adapters/postgresql_adapter.rb:692:in `connect'
[d37ebdbe-60a6-4103-8f43-9cd32531958e] activerecord (5.2.3) lib/active_record/connection_adapters/postgresql_adapter.rb:223:in `initialize'
[d37ebdbe-60a6-4103-8f43-9cd32531958e] activerecord (5.2.3) lib/active_record/connection_adapters/postgresql_adapter.rb:48:in `new'
[d37ebdbe-60a6-4103-8f43-9cd32531958e] activerecord (5.2.3) lib/active_record/connection_adapters/postgresql_adapter.rb:48:in `postgresql_connection'
[d37ebdbe-60a6-4103-8f43-9cd32531958e] activerecord (5.2.3) lib/active_record/connection_adapters/abstract/connection_pool.rb:811:in `new_connection'
[d37ebdbe-60a6-4103-8f43-9cd32531958e] activerecord (5.2.3) lib/active_record/connection_adapters/abstract/connection_pool.rb:855:in `checkout_new_connection'
[d37ebdbe-60a6-4103-8f43-9cd32531958e] activerecord (5.2.3) lib/active_record/connection_adapters/abstract/connection_pool.rb:834:in `try_to_checkout_new_connection'
[d37ebdbe-60a6-4103-8f43-9cd32531958e] activerecord (5.2.3) lib/active_record/connection_adapters/abstract/connection_pool.rb:795:in `acquire_connection'
[d37ebdbe-60a6-4103-8f43-9cd32531958e] activerecord (5.2.3) lib/active_record/connection_adapters/abstract/connection_pool.rb:523:in `checkout'
[d37ebdbe-60a6-4103-8f43-9cd32531958e] activerecord (5.2.3) lib/active_record/connection_adapters/abstract/connection_pool.rb:382:in `connection'
[d37ebdbe-60a6-4103-8f43-9cd32531958e] activerecord (5.2.3) lib/active_record/connection_adapters/abstract/connection_pool.rb:1014:in `retrieve_connection'
[d37ebdbe-60a6-4103-8f43-9cd32531958e] activerecord (5.2.3) lib/active_record/connection_handling.rb:118:in `retrieve_connection'
[d37ebdbe-60a6-4103-8f43-9cd32531958e] activerecord (5.2.3) lib/active_record/connection_handling.rb:90:in `connection'
[d37ebdbe-60a6-4103-8f43-9cd32531958e] activerecord (5.2.3) lib/active_record/model_schema.rb:324:in `table_exists?'
[d37ebdbe-60a6-4103-8f43-9cd32531958e] activerecord (5.2.3) lib/active_record/attribute_methods.rb:163:in `attribute_names'
[d37ebdbe-60a6-4103-8f43-9cd32531958e] actionpack (5.2.3) lib/action_controller/metal/params_wrapper.rb:109:in `block in include'
[d37ebdbe-60a6-4103-8f43-9cd32531958e] /Users/codescrum/.rbenv/versions/2.3.1/lib/ruby/2.3.0/mutex_m.rb:74:in `synchronize'
[d37ebdbe-60a6-4103-8f43-9cd32531958e] /Users/codescrum/.rbenv/versions/2.3.1/lib/ruby/2.3.0/mutex_m.rb:74:in `mu_synchronize'
[d37ebdbe-60a6-4103-8f43-9cd32531958e] actionpack (5.2.3) lib/action_controller/metal/params_wrapper.rb:103:in `include'
[d37ebdbe-60a6-4103-8f43-9cd32531958e] actionpack (5.2.3) lib/action_controller/metal/params_wrapper.rb:277:in `_extract_parameters'
[d37ebdbe-60a6-4103-8f43-9cd32531958e] actionpack (5.2.3) lib/action_controller/metal/params_wrapper.rb:273:in `_wrap_parameters'
[d37ebdbe-60a6-4103-8f43-9cd32531958e] actionpack (5.2.3) lib/action_controller/metal/params_wrapper.rb:245:in `process_action'
[d37ebdbe-60a6-4103-8f43-9cd32531958e] activerecord (5.2.3) lib/active_record/railties/controller_runtime.rb:24:in `process_action'
[d37ebdbe-60a6-4103-8f43-9cd32531958e] actionpack (5.2.3) lib/abstract_controller/base.rb:134:in `process'
[d37ebdbe-60a6-4103-8f43-9cd32531958e] actionpack (5.2.3) lib/action_controller/metal.rb:191:in `dispatch'
[d37ebdbe-60a6-4103-8f43-9cd32531958e] actionpack (5.2.3) lib/action_controller/metal.rb:252:in `dispatch'
[d37ebdbe-60a6-4103-8f43-9cd32531958e] actionpack (5.2.3) lib/action_dispatch/routing/route_set.rb:52:in `dispatch'
[d37ebdbe-60a6-4103-8f43-9cd32531958e] actionpack (5.2.3) lib/action_dispatch/routing/route_set.rb:34:in `serve'
[d37ebdbe-60a6-4103-8f43-9cd32531958e] actionpack (5.2.3) lib/action_dispatch/routing/mapper.rb:18:in `block in <class:Constraints>'
[d37ebdbe-60a6-4103-8f43-9cd32531958e] actionpack (5.2.3) lib/action_dispatch/routing/mapper.rb:48:in `serve'
[d37ebdbe-60a6-4103-8f43-9cd32531958e] actionpack (5.2.3) lib/action_dispatch/journey/router.rb:52:in `block in serve'
[d37ebdbe-60a6-4103-8f43-9cd32531958e] actionpack (5.2.3) lib/action_dispatch/journey/router.rb:35:in `each'
[d37ebdbe-60a6-4103-8f43-9cd32531958e] actionpack (5.2.3) lib/action_dispatch/journey/router.rb:35:in `serve'
[d37ebdbe-60a6-4103-8f43-9cd32531958e] actionpack (5.2.3) lib/action_dispatch/routing/route_set.rb:840:in `call'
[d37ebdbe-60a6-4103-8f43-9cd32531958e] rack (2.0.7) lib/rack/etag.rb:25:in `call'
[d37ebdbe-60a6-4103-8f43-9cd32531958e] rack (2.0.7) lib/rack/conditional_get.rb:25:in `call'
[d37ebdbe-60a6-4103-8f43-9cd32531958e] rack (2.0.7) lib/rack/head.rb:12:in `call'
[d37ebdbe-60a6-4103-8f43-9cd32531958e] actionpack (5.2.3) lib/action_dispatch/middleware/callbacks.rb:28:in `block in call'
[d37ebdbe-60a6-4103-8f43-9cd32531958e] activesupport (5.2.3) lib/active_support/callbacks.rb:98:in `run_callbacks'
[d37ebdbe-60a6-4103-8f43-9cd32531958e] actionpack (5.2.3) lib/action_dispatch/middleware/callbacks.rb:26:in `call'
[d37ebdbe-60a6-4103-8f43-9cd32531958e] actionpack (5.2.3) lib/action_dispatch/middleware/debug_exceptions.rb:61:in `call'
[d37ebdbe-60a6-4103-8f43-9cd32531958e] actionpack (5.2.3) lib/action_dispatch/middleware/show_exceptions.rb:33:in `call'
[d37ebdbe-60a6-4103-8f43-9cd32531958e] railties (5.2.3) lib/rails/rack/logger.rb:38:in `call_app'
[d37ebdbe-60a6-4103-8f43-9cd32531958e] railties (5.2.3) lib/rails/rack/logger.rb:26:in `block in call'
[d37ebdbe-60a6-4103-8f43-9cd32531958e] activesupport (5.2.3) lib/active_support/tagged_logging.rb:71:in `block in tagged'
[d37ebdbe-60a6-4103-8f43-9cd32531958e] activesupport (5.2.3) lib/active_support/tagged_logging.rb:28:in `tagged'
[d37ebdbe-60a6-4103-8f43-9cd32531958e] activesupport (5.2.3) lib/active_support/tagged_logging.rb:71:in `tagged'
[d37ebdbe-60a6-4103-8f43-9cd32531958e] railties (5.2.3) lib/rails/rack/logger.rb:26:in `call'
[d37ebdbe-60a6-4103-8f43-9cd32531958e] actionpack (5.2.3) lib/action_dispatch/middleware/remote_ip.rb:81:in `call'
[d37ebdbe-60a6-4103-8f43-9cd32531958e] actionpack (5.2.3) lib/action_dispatch/middleware/request_id.rb:27:in `call'
[d37ebdbe-60a6-4103-8f43-9cd32531958e] rack (2.0.7) lib/rack/runtime.rb:22:in `call'
[d37ebdbe-60a6-4103-8f43-9cd32531958e] activesupport (5.2.3) lib/active_support/cache/strategy/local_cache_middleware.rb:29:in `call'
[d37ebdbe-60a6-4103-8f43-9cd32531958e] actionpack (5.2.3) lib/action_dispatch/middleware/executor.rb:14:in `call'
[d37ebdbe-60a6-4103-8f43-9cd32531958e] rack (2.0.7) lib/rack/sendfile.rb:111:in `call'
[d37ebdbe-60a6-4103-8f43-9cd32531958e] railties (5.2.3) lib/rails/engine.rb:524:in `call'
[d37ebdbe-60a6-4103-8f43-9cd32531958e] puma (3.12.1) lib/puma/configuration.rb:227:in `call'
[d37ebdbe-60a6-4103-8f43-9cd32531958e] puma (3.12.1) lib/puma/server.rb:660:in `handle_request'
[d37ebdbe-60a6-4103-8f43-9cd32531958e] puma (3.12.1) lib/puma/server.rb:474:in `process_client'
[d37ebdbe-60a6-4103-8f43-9cd32531958e] puma (3.12.1) lib/puma/server.rb:334:in `block in run'
[d37ebdbe-60a6-4103-8f43-9cd32531958e] puma (3.12.1) lib/puma/thread_pool.rb:135:in `block in spawn_thread'
I, [2019-08-21T14:27:14.593498 #77356]  INFO -- : [e42cf078-b00b-4d60-ad59-570c0134e75d] Started GET "/todos" for 127.0.0.1 at 2019-08-21 14:27:14 -0500
I, [2019-08-21T14:27:14.594290 #77356]  INFO -- : [e42cf078-b00b-4d60-ad59-570c0134e75d] Processing by V1::TodosController#index as JSON
I, [2019-08-21T14:27:14.594348 #77356]  INFO -- : [e42cf078-b00b-4d60-ad59-570c0134e75d]   Parameters: {"todo"=>{}}
I, [2019-08-21T14:27:14.594946 #77356]  INFO -- : [e42cf078-b00b-4d60-ad59-570c0134e75d] Completed 500 Internal Server Error in 0ms
F, [2019-08-21T14:27:14.595516 #77356] FATAL -- : [e42cf078-b00b-4d60-ad59-570c0134e75d]   
F, [2019-08-21T14:27:14.595558 #77356] FATAL -- : [e42cf078-b00b-4d60-ad59-570c0134e75d] TypeError (no implicit conversion of nil into String):
F, [2019-08-21T14:27:14.595582 #77356] FATAL -- : [e42cf078-b00b-4d60-ad59-570c0134e75d]   
F, [2019-08-21T14:27:14.595607 #77356] FATAL -- : [e42cf078-b00b-4d60-ad59-570c0134e75d] app/lib/json_web_token.rb:14:in `decode'
[e42cf078-b00b-4d60-ad59-570c0134e75d] app/auth/authorize_api_request.rb:28:in `decode_auth_token'
[e42cf078-b00b-4d60-ad59-570c0134e75d] app/auth/authorize_api_request.rb:20:in `user'
[e42cf078-b00b-4d60-ad59-570c0134e75d] app/auth/authorize_api_request.rb:9:in `call'
[e42cf078-b00b-4d60-ad59-570c0134e75d] app/controllers/application_controller.rb:13:in `authorize_request'
I, [2019-08-21T14:27:15.406527 #77356]  INFO -- : [4fd84847-4ae1-4e5a-9673-d32aa78bcdc9] Started GET "/todos" for 127.0.0.1 at 2019-08-21 14:27:15 -0500
I, [2019-08-21T14:27:15.407241 #77356]  INFO -- : [4fd84847-4ae1-4e5a-9673-d32aa78bcdc9] Processing by V1::TodosController#index as JSON
I, [2019-08-21T14:27:15.407371 #77356]  INFO -- : [4fd84847-4ae1-4e5a-9673-d32aa78bcdc9]   Parameters: {"todo"=>{}}
I, [2019-08-21T14:27:15.407849 #77356]  INFO -- : [4fd84847-4ae1-4e5a-9673-d32aa78bcdc9] Completed 500 Internal Server Error in 0ms
F, [2019-08-21T14:27:15.408617 #77356] FATAL -- : [4fd84847-4ae1-4e5a-9673-d32aa78bcdc9]   
F, [2019-08-21T14:27:15.408674 #77356] FATAL -- : [4fd84847-4ae1-4e5a-9673-d32aa78bcdc9] TypeError (no implicit conversion of nil into String):
F, [2019-08-21T14:27:15.408700 #77356] FATAL -- : [4fd84847-4ae1-4e5a-9673-d32aa78bcdc9]   
F, [2019-08-21T14:27:15.408726 #77356] FATAL -- : [4fd84847-4ae1-4e5a-9673-d32aa78bcdc9] app/lib/json_web_token.rb:14:in `decode'
[4fd84847-4ae1-4e5a-9673-d32aa78bcdc9] app/auth/authorize_api_request.rb:28:in `decode_auth_token'
[4fd84847-4ae1-4e5a-9673-d32aa78bcdc9] app/auth/authorize_api_request.rb:20:in `user'
[4fd84847-4ae1-4e5a-9673-d32aa78bcdc9] app/auth/authorize_api_request.rb:9:in `call'
[4fd84847-4ae1-4e5a-9673-d32aa78bcdc9] app/controllers/application_controller.rb:13:in `authorize_request'
I, [2019-08-21T14:27:20.383689 #77356]  INFO -- : [d29fe3f4-fcda-4c33-91a6-6a62b5c26d12] Started GET "/todos" for 127.0.0.1 at 2019-08-21 14:27:20 -0500
I, [2019-08-21T14:27:20.384265 #77356]  INFO -- : [d29fe3f4-fcda-4c33-91a6-6a62b5c26d12] Processing by V1::TodosController#index as JSON
I, [2019-08-21T14:27:20.384307 #77356]  INFO -- : [d29fe3f4-fcda-4c33-91a6-6a62b5c26d12]   Parameters: {"todo"=>{}}
I, [2019-08-21T14:27:20.385141 #77356]  INFO -- : [d29fe3f4-fcda-4c33-91a6-6a62b5c26d12] [active_model_serializers] Rendered ActiveModel::Serializer::Null with Hash (0.06ms)
I, [2019-08-21T14:27:20.385365 #77356]  INFO -- : [d29fe3f4-fcda-4c33-91a6-6a62b5c26d12] Completed 422 Unprocessable Entity in 1ms (Views: 0.8ms)
I, [2019-08-21T14:27:24.437903 #77356]  INFO -- : [6e380b56-592a-4946-87bb-61d9b2054a16] Started GET "/todos" for 127.0.0.1 at 2019-08-21 14:27:24 -0500
I, [2019-08-21T14:27:24.438728 #77356]  INFO -- : [6e380b56-592a-4946-87bb-61d9b2054a16] Processing by V1::TodosController#index as JSON
I, [2019-08-21T14:27:24.438797 #77356]  INFO -- : [6e380b56-592a-4946-87bb-61d9b2054a16]   Parameters: {"todo"=>{}}
I, [2019-08-21T14:27:24.439349 #77356]  INFO -- : [6e380b56-592a-4946-87bb-61d9b2054a16] Completed 500 Internal Server Error in 0ms
F, [2019-08-21T14:27:24.440127 #77356] FATAL -- : [6e380b56-592a-4946-87bb-61d9b2054a16]   
F, [2019-08-21T14:27:24.440184 #77356] FATAL -- : [6e380b56-592a-4946-87bb-61d9b2054a16] TypeError (no implicit conversion of nil into String):
F, [2019-08-21T14:27:24.440221 #77356] FATAL -- : [6e380b56-592a-4946-87bb-61d9b2054a16]   
F, [2019-08-21T14:27:24.440261 #77356] FATAL -- : [6e380b56-592a-4946-87bb-61d9b2054a16] app/lib/json_web_token.rb:14:in `decode'
[6e380b56-592a-4946-87bb-61d9b2054a16] app/auth/authorize_api_request.rb:28:in `decode_auth_token'
[6e380b56-592a-4946-87bb-61d9b2054a16] app/auth/authorize_api_request.rb:20:in `user'
[6e380b56-592a-4946-87bb-61d9b2054a16] app/auth/authorize_api_request.rb:9:in `call'
[6e380b56-592a-4946-87bb-61d9b2054a16] app/controllers/application_controller.rb:13:in `authorize_request'
I, [2019-08-21T14:31:20.834510 #77356]  INFO -- : [b08d1d7e-f01a-4304-bec1-fa6204ad9761] Started POST "/signup" for 127.0.0.1 at 2019-08-21 14:31:20 -0500
F, [2019-08-21T14:31:20.840711 #77356] FATAL -- : [b08d1d7e-f01a-4304-bec1-fa6204ad9761]   
F, [2019-08-21T14:31:20.840770 #77356] FATAL -- : [b08d1d7e-f01a-4304-bec1-fa6204ad9761] ActiveRecord::NoDatabaseError (FATAL:  database "todos-api_production" does not exist
):
F, [2019-08-21T14:31:20.840798 #77356] FATAL -- : [b08d1d7e-f01a-4304-bec1-fa6204ad9761]   
F, [2019-08-21T14:31:20.840831 #77356] FATAL -- : [b08d1d7e-f01a-4304-bec1-fa6204ad9761] activerecord (5.2.3) lib/active_record/connection_adapters/postgresql_adapter.rb:696:in `rescue in connect'
[b08d1d7e-f01a-4304-bec1-fa6204ad9761] activerecord (5.2.3) lib/active_record/connection_adapters/postgresql_adapter.rb:692:in `connect'
[b08d1d7e-f01a-4304-bec1-fa6204ad9761] activerecord (5.2.3) lib/active_record/connection_adapters/postgresql_adapter.rb:223:in `initialize'
[b08d1d7e-f01a-4304-bec1-fa6204ad9761] activerecord (5.2.3) lib/active_record/connection_adapters/postgresql_adapter.rb:48:in `new'
[b08d1d7e-f01a-4304-bec1-fa6204ad9761] activerecord (5.2.3) lib/active_record/connection_adapters/postgresql_adapter.rb:48:in `postgresql_connection'
[b08d1d7e-f01a-4304-bec1-fa6204ad9761] activerecord (5.2.3) lib/active_record/connection_adapters/abstract/connection_pool.rb:811:in `new_connection'
[b08d1d7e-f01a-4304-bec1-fa6204ad9761] activerecord (5.2.3) lib/active_record/connection_adapters/abstract/connection_pool.rb:855:in `checkout_new_connection'
[b08d1d7e-f01a-4304-bec1-fa6204ad9761] activerecord (5.2.3) lib/active_record/connection_adapters/abstract/connection_pool.rb:834:in `try_to_checkout_new_connection'
[b08d1d7e-f01a-4304-bec1-fa6204ad9761] activerecord (5.2.3) lib/active_record/connection_adapters/abstract/connection_pool.rb:795:in `acquire_connection'
[b08d1d7e-f01a-4304-bec1-fa6204ad9761] activerecord (5.2.3) lib/active_record/connection_adapters/abstract/connection_pool.rb:523:in `checkout'
[b08d1d7e-f01a-4304-bec1-fa6204ad9761] activerecord (5.2.3) lib/active_record/connection_adapters/abstract/connection_pool.rb:382:in `connection'
[b08d1d7e-f01a-4304-bec1-fa6204ad9761] activerecord (5.2.3) lib/active_record/connection_adapters/abstract/connection_pool.rb:1014:in `retrieve_connection'
[b08d1d7e-f01a-4304-bec1-fa6204ad9761] activerecord (5.2.3) lib/active_record/connection_handling.rb:118:in `retrieve_connection'
[b08d1d7e-f01a-4304-bec1-fa6204ad9761] activerecord (5.2.3) lib/active_record/connection_handling.rb:90:in `connection'
[b08d1d7e-f01a-4304-bec1-fa6204ad9761] activerecord (5.2.3) lib/active_record/model_schema.rb:324:in `table_exists?'
[b08d1d7e-f01a-4304-bec1-fa6204ad9761] activerecord (5.2.3) lib/active_record/attribute_methods.rb:163:in `attribute_names'
[b08d1d7e-f01a-4304-bec1-fa6204ad9761] actionpack (5.2.3) lib/action_controller/metal/params_wrapper.rb:109:in `block in include'
[b08d1d7e-f01a-4304-bec1-fa6204ad9761] /Users/codescrum/.rbenv/versions/2.3.1/lib/ruby/2.3.0/mutex_m.rb:74:in `synchronize'
[b08d1d7e-f01a-4304-bec1-fa6204ad9761] /Users/codescrum/.rbenv/versions/2.3.1/lib/ruby/2.3.0/mutex_m.rb:74:in `mu_synchronize'
[b08d1d7e-f01a-4304-bec1-fa6204ad9761] actionpack (5.2.3) lib/action_controller/metal/params_wrapper.rb:103:in `include'
[b08d1d7e-f01a-4304-bec1-fa6204ad9761] actionpack (5.2.3) lib/action_controller/metal/params_wrapper.rb:277:in `_extract_parameters'
[b08d1d7e-f01a-4304-bec1-fa6204ad9761] actionpack (5.2.3) lib/action_controller/metal/params_wrapper.rb:273:in `_wrap_parameters'
[b08d1d7e-f01a-4304-bec1-fa6204ad9761] actionpack (5.2.3) lib/action_controller/metal/params_wrapper.rb:245:in `process_action'
[b08d1d7e-f01a-4304-bec1-fa6204ad9761] activerecord (5.2.3) lib/active_record/railties/controller_runtime.rb:24:in `process_action'
[b08d1d7e-f01a-4304-bec1-fa6204ad9761] actionpack (5.2.3) lib/abstract_controller/base.rb:134:in `process'
[b08d1d7e-f01a-4304-bec1-fa6204ad9761] actionpack (5.2.3) lib/action_controller/metal.rb:191:in `dispatch'
[b08d1d7e-f01a-4304-bec1-fa6204ad9761] actionpack (5.2.3) lib/action_controller/metal.rb:252:in `dispatch'
[b08d1d7e-f01a-4304-bec1-fa6204ad9761] actionpack (5.2.3) lib/action_dispatch/routing/route_set.rb:52:in `dispatch'
[b08d1d7e-f01a-4304-bec1-fa6204ad9761] actionpack (5.2.3) lib/action_dispatch/routing/route_set.rb:34:in `serve'
[b08d1d7e-f01a-4304-bec1-fa6204ad9761] actionpack (5.2.3) lib/action_dispatch/journey/router.rb:52:in `block in serve'
[b08d1d7e-f01a-4304-bec1-fa6204ad9761] actionpack (5.2.3) lib/action_dispatch/journey/router.rb:35:in `each'
[b08d1d7e-f01a-4304-bec1-fa6204ad9761] actionpack (5.2.3) lib/action_dispatch/journey/router.rb:35:in `serve'
[b08d1d7e-f01a-4304-bec1-fa6204ad9761] actionpack (5.2.3) lib/action_dispatch/routing/route_set.rb:840:in `call'
[b08d1d7e-f01a-4304-bec1-fa6204ad9761] rack (2.0.7) lib/rack/etag.rb:25:in `call'
[b08d1d7e-f01a-4304-bec1-fa6204ad9761] rack (2.0.7) lib/rack/conditional_get.rb:38:in `call'
[b08d1d7e-f01a-4304-bec1-fa6204ad9761] rack (2.0.7) lib/rack/head.rb:12:in `call'
[b08d1d7e-f01a-4304-bec1-fa6204ad9761] actionpack (5.2.3) lib/action_dispatch/middleware/callbacks.rb:28:in `block in call'
[b08d1d7e-f01a-4304-bec1-fa6204ad9761] activesupport (5.2.3) lib/active_support/callbacks.rb:98:in `run_callbacks'
[b08d1d7e-f01a-4304-bec1-fa6204ad9761] actionpack (5.2.3) lib/action_dispatch/middleware/callbacks.rb:26:in `call'
[b08d1d7e-f01a-4304-bec1-fa6204ad9761] actionpack (5.2.3) lib/action_dispatch/middleware/debug_exceptions.rb:61:in `call'
[b08d1d7e-f01a-4304-bec1-fa6204ad9761] actionpack (5.2.3) lib/action_dispatch/middleware/show_exceptions.rb:33:in `call'
[b08d1d7e-f01a-4304-bec1-fa6204ad9761] railties (5.2.3) lib/rails/rack/logger.rb:38:in `call_app'
[b08d1d7e-f01a-4304-bec1-fa6204ad9761] railties (5.2.3) lib/rails/rack/logger.rb:26:in `block in call'
[b08d1d7e-f01a-4304-bec1-fa6204ad9761] activesupport (5.2.3) lib/active_support/tagged_logging.rb:71:in `block in tagged'
[b08d1d7e-f01a-4304-bec1-fa6204ad9761] activesupport (5.2.3) lib/active_support/tagged_logging.rb:28:in `tagged'
[b08d1d7e-f01a-4304-bec1-fa6204ad9761] activesupport (5.2.3) lib/active_support/tagged_logging.rb:71:in `tagged'
[b08d1d7e-f01a-4304-bec1-fa6204ad9761] railties (5.2.3) lib/rails/rack/logger.rb:26:in `call'
[b08d1d7e-f01a-4304-bec1-fa6204ad9761] actionpack (5.2.3) lib/action_dispatch/middleware/remote_ip.rb:81:in `call'
[b08d1d7e-f01a-4304-bec1-fa6204ad9761] actionpack (5.2.3) lib/action_dispatch/middleware/request_id.rb:27:in `call'
[b08d1d7e-f01a-4304-bec1-fa6204ad9761] rack (2.0.7) lib/rack/runtime.rb:22:in `call'
[b08d1d7e-f01a-4304-bec1-fa6204ad9761] activesupport (5.2.3) lib/active_support/cache/strategy/local_cache_middleware.rb:29:in `call'
[b08d1d7e-f01a-4304-bec1-fa6204ad9761] actionpack (5.2.3) lib/action_dispatch/middleware/executor.rb:14:in `call'
[b08d1d7e-f01a-4304-bec1-fa6204ad9761] rack (2.0.7) lib/rack/sendfile.rb:111:in `call'
[b08d1d7e-f01a-4304-bec1-fa6204ad9761] railties (5.2.3) lib/rails/engine.rb:524:in `call'
[b08d1d7e-f01a-4304-bec1-fa6204ad9761] puma (3.12.1) lib/puma/configuration.rb:227:in `call'
[b08d1d7e-f01a-4304-bec1-fa6204ad9761] puma (3.12.1) lib/puma/server.rb:660:in `handle_request'
[b08d1d7e-f01a-4304-bec1-fa6204ad9761] puma (3.12.1) lib/puma/server.rb:474:in `process_client'
[b08d1d7e-f01a-4304-bec1-fa6204ad9761] puma (3.12.1) lib/puma/server.rb:334:in `block in run'
[b08d1d7e-f01a-4304-bec1-fa6204ad9761] puma (3.12.1) lib/puma/thread_pool.rb:135:in `block in spawn_thread'
I, [2019-08-21T15:07:09.112902 #77875]  INFO -- : [b068baa8-cad6-48f9-b243-e1f40f9640c6] Started POST "/signup" for 127.0.0.1 at 2019-08-21 15:07:09 -0500
F, [2019-08-21T15:07:09.123028 #77875] FATAL -- : [b068baa8-cad6-48f9-b243-e1f40f9640c6]   
F, [2019-08-21T15:07:09.123233 #77875] FATAL -- : [b068baa8-cad6-48f9-b243-e1f40f9640c6] ActiveRecord::NoDatabaseError (FATAL:  database "todos-api_production" does not exist
):
F, [2019-08-21T15:07:09.123415 #77875] FATAL -- : [b068baa8-cad6-48f9-b243-e1f40f9640c6]   
F, [2019-08-21T15:07:09.123490 #77875] FATAL -- : [b068baa8-cad6-48f9-b243-e1f40f9640c6] activerecord (5.2.3) lib/active_record/connection_adapters/postgresql_adapter.rb:696:in `rescue in connect'
[b068baa8-cad6-48f9-b243-e1f40f9640c6] activerecord (5.2.3) lib/active_record/connection_adapters/postgresql_adapter.rb:692:in `connect'
[b068baa8-cad6-48f9-b243-e1f40f9640c6] activerecord (5.2.3) lib/active_record/connection_adapters/postgresql_adapter.rb:223:in `initialize'
[b068baa8-cad6-48f9-b243-e1f40f9640c6] activerecord (5.2.3) lib/active_record/connection_adapters/postgresql_adapter.rb:48:in `new'
[b068baa8-cad6-48f9-b243-e1f40f9640c6] activerecord (5.2.3) lib/active_record/connection_adapters/postgresql_adapter.rb:48:in `postgresql_connection'
[b068baa8-cad6-48f9-b243-e1f40f9640c6] activerecord (5.2.3) lib/active_record/connection_adapters/abstract/connection_pool.rb:811:in `new_connection'
[b068baa8-cad6-48f9-b243-e1f40f9640c6] activerecord (5.2.3) lib/active_record/connection_adapters/abstract/connection_pool.rb:855:in `checkout_new_connection'
[b068baa8-cad6-48f9-b243-e1f40f9640c6] activerecord (5.2.3) lib/active_record/connection_adapters/abstract/connection_pool.rb:834:in `try_to_checkout_new_connection'
[b068baa8-cad6-48f9-b243-e1f40f9640c6] activerecord (5.2.3) lib/active_record/connection_adapters/abstract/connection_pool.rb:795:in `acquire_connection'
[b068baa8-cad6-48f9-b243-e1f40f9640c6] activerecord (5.2.3) lib/active_record/connection_adapters/abstract/connection_pool.rb:523:in `checkout'
[b068baa8-cad6-48f9-b243-e1f40f9640c6] activerecord (5.2.3) lib/active_record/connection_adapters/abstract/connection_pool.rb:382:in `connection'
[b068baa8-cad6-48f9-b243-e1f40f9640c6] activerecord (5.2.3) lib/active_record/connection_adapters/abstract/connection_pool.rb:1014:in `retrieve_connection'
[b068baa8-cad6-48f9-b243-e1f40f9640c6] activerecord (5.2.3) lib/active_record/connection_handling.rb:118:in `retrieve_connection'
[b068baa8-cad6-48f9-b243-e1f40f9640c6] activerecord (5.2.3) lib/active_record/connection_handling.rb:90:in `connection'
[b068baa8-cad6-48f9-b243-e1f40f9640c6] activerecord (5.2.3) lib/active_record/model_schema.rb:324:in `table_exists?'
[b068baa8-cad6-48f9-b243-e1f40f9640c6] activerecord (5.2.3) lib/active_record/attribute_methods.rb:163:in `attribute_names'
[b068baa8-cad6-48f9-b243-e1f40f9640c6] actionpack (5.2.3) lib/action_controller/metal/params_wrapper.rb:109:in `block in include'
[b068baa8-cad6-48f9-b243-e1f40f9640c6] /Users/codescrum/.rbenv/versions/2.3.1/lib/ruby/2.3.0/mutex_m.rb:74:in `synchronize'
[b068baa8-cad6-48f9-b243-e1f40f9640c6] /Users/codescrum/.rbenv/versions/2.3.1/lib/ruby/2.3.0/mutex_m.rb:74:in `mu_synchronize'
[b068baa8-cad6-48f9-b243-e1f40f9640c6] actionpack (5.2.3) lib/action_controller/metal/params_wrapper.rb:103:in `include'
[b068baa8-cad6-48f9-b243-e1f40f9640c6] actionpack (5.2.3) lib/action_controller/metal/params_wrapper.rb:277:in `_extract_parameters'
[b068baa8-cad6-48f9-b243-e1f40f9640c6] actionpack (5.2.3) lib/action_controller/metal/params_wrapper.rb:273:in `_wrap_parameters'
[b068baa8-cad6-48f9-b243-e1f40f9640c6] actionpack (5.2.3) lib/action_controller/metal/params_wrapper.rb:245:in `process_action'
[b068baa8-cad6-48f9-b243-e1f40f9640c6] activerecord (5.2.3) lib/active_record/railties/controller_runtime.rb:24:in `process_action'
[b068baa8-cad6-48f9-b243-e1f40f9640c6] actionpack (5.2.3) lib/abstract_controller/base.rb:134:in `process'
[b068baa8-cad6-48f9-b243-e1f40f9640c6] actionpack (5.2.3) lib/action_controller/metal.rb:191:in `dispatch'
[b068baa8-cad6-48f9-b243-e1f40f9640c6] actionpack (5.2.3) lib/action_controller/metal.rb:252:in `dispatch'
[b068baa8-cad6-48f9-b243-e1f40f9640c6] actionpack (5.2.3) lib/action_dispatch/routing/route_set.rb:52:in `dispatch'
[b068baa8-cad6-48f9-b243-e1f40f9640c6] actionpack (5.2.3) lib/action_dispatch/routing/route_set.rb:34:in `serve'
[b068baa8-cad6-48f9-b243-e1f40f9640c6] actionpack (5.2.3) lib/action_dispatch/journey/router.rb:52:in `block in serve'
[b068baa8-cad6-48f9-b243-e1f40f9640c6] actionpack (5.2.3) lib/action_dispatch/journey/router.rb:35:in `each'
[b068baa8-cad6-48f9-b243-e1f40f9640c6] actionpack (5.2.3) lib/action_dispatch/journey/router.rb:35:in `serve'
[b068baa8-cad6-48f9-b243-e1f40f9640c6] actionpack (5.2.3) lib/action_dispatch/routing/route_set.rb:840:in `call'
[b068baa8-cad6-48f9-b243-e1f40f9640c6] rack (2.0.7) lib/rack/etag.rb:25:in `call'
[b068baa8-cad6-48f9-b243-e1f40f9640c6] rack (2.0.7) lib/rack/conditional_get.rb:38:in `call'
[b068baa8-cad6-48f9-b243-e1f40f9640c6] rack (2.0.7) lib/rack/head.rb:12:in `call'
[b068baa8-cad6-48f9-b243-e1f40f9640c6] actionpack (5.2.3) lib/action_dispatch/middleware/callbacks.rb:28:in `block in call'
[b068baa8-cad6-48f9-b243-e1f40f9640c6] activesupport (5.2.3) lib/active_support/callbacks.rb:98:in `run_callbacks'
[b068baa8-cad6-48f9-b243-e1f40f9640c6] actionpack (5.2.3) lib/action_dispatch/middleware/callbacks.rb:26:in `call'
[b068baa8-cad6-48f9-b243-e1f40f9640c6] actionpack (5.2.3) lib/action_dispatch/middleware/debug_exceptions.rb:61:in `call'
[b068baa8-cad6-48f9-b243-e1f40f9640c6] actionpack (5.2.3) lib/action_dispatch/middleware/show_exceptions.rb:33:in `call'
[b068baa8-cad6-48f9-b243-e1f40f9640c6] railties (5.2.3) lib/rails/rack/logger.rb:38:in `call_app'
[b068baa8-cad6-48f9-b243-e1f40f9640c6] railties (5.2.3) lib/rails/rack/logger.rb:26:in `block in call'
[b068baa8-cad6-48f9-b243-e1f40f9640c6] activesupport (5.2.3) lib/active_support/tagged_logging.rb:71:in `block in tagged'
[b068baa8-cad6-48f9-b243-e1f40f9640c6] activesupport (5.2.3) lib/active_support/tagged_logging.rb:28:in `tagged'
[b068baa8-cad6-48f9-b243-e1f40f9640c6] activesupport (5.2.3) lib/active_support/tagged_logging.rb:71:in `tagged'
[b068baa8-cad6-48f9-b243-e1f40f9640c6] railties (5.2.3) lib/rails/rack/logger.rb:26:in `call'
[b068baa8-cad6-48f9-b243-e1f40f9640c6] actionpack (5.2.3) lib/action_dispatch/middleware/remote_ip.rb:81:in `call'
[b068baa8-cad6-48f9-b243-e1f40f9640c6] actionpack (5.2.3) lib/action_dispatch/middleware/request_id.rb:27:in `call'
[b068baa8-cad6-48f9-b243-e1f40f9640c6] rack (2.0.7) lib/rack/runtime.rb:22:in `call'
[b068baa8-cad6-48f9-b243-e1f40f9640c6] activesupport (5.2.3) lib/active_support/cache/strategy/local_cache_middleware.rb:29:in `call'
[b068baa8-cad6-48f9-b243-e1f40f9640c6] actionpack (5.2.3) lib/action_dispatch/middleware/executor.rb:14:in `call'
[b068baa8-cad6-48f9-b243-e1f40f9640c6] rack (2.0.7) lib/rack/sendfile.rb:111:in `call'
[b068baa8-cad6-48f9-b243-e1f40f9640c6] railties (5.2.3) lib/rails/engine.rb:524:in `call'
[b068baa8-cad6-48f9-b243-e1f40f9640c6] puma (3.12.1) lib/puma/configuration.rb:227:in `call'
[b068baa8-cad6-48f9-b243-e1f40f9640c6] puma (3.12.1) lib/puma/server.rb:660:in `handle_request'
[b068baa8-cad6-48f9-b243-e1f40f9640c6] puma (3.12.1) lib/puma/server.rb:474:in `process_client'
[b068baa8-cad6-48f9-b243-e1f40f9640c6] puma (3.12.1) lib/puma/server.rb:334:in `block in run'
[b068baa8-cad6-48f9-b243-e1f40f9640c6] puma (3.12.1) lib/puma/thread_pool.rb:135:in `block in spawn_thread'
I, [2019-08-21T15:07:22.952809 #77875]  INFO -- : [49f4223e-d3ad-413c-bddb-fc1a7eb6334b] Started GET "/" for 127.0.0.1 at 2019-08-21 15:07:22 -0500
F, [2019-08-21T15:07:22.953851 #77875] FATAL -- : [49f4223e-d3ad-413c-bddb-fc1a7eb6334b]   
F, [2019-08-21T15:07:22.953990 #77875] FATAL -- : [49f4223e-d3ad-413c-bddb-fc1a7eb6334b] ActionController::RoutingError (No route matches [GET] "/"):
F, [2019-08-21T15:07:22.954231 #77875] FATAL -- : [49f4223e-d3ad-413c-bddb-fc1a7eb6334b]   
F, [2019-08-21T15:07:22.954279 #77875] FATAL -- : [49f4223e-d3ad-413c-bddb-fc1a7eb6334b] actionpack (5.2.3) lib/action_dispatch/middleware/debug_exceptions.rb:65:in `call'
[49f4223e-d3ad-413c-bddb-fc1a7eb6334b] actionpack (5.2.3) lib/action_dispatch/middleware/show_exceptions.rb:33:in `call'
[49f4223e-d3ad-413c-bddb-fc1a7eb6334b] railties (5.2.3) lib/rails/rack/logger.rb:38:in `call_app'
[49f4223e-d3ad-413c-bddb-fc1a7eb6334b] railties (5.2.3) lib/rails/rack/logger.rb:26:in `block in call'
[49f4223e-d3ad-413c-bddb-fc1a7eb6334b] activesupport (5.2.3) lib/active_support/tagged_logging.rb:71:in `block in tagged'
[49f4223e-d3ad-413c-bddb-fc1a7eb6334b] activesupport (5.2.3) lib/active_support/tagged_logging.rb:28:in `tagged'
[49f4223e-d3ad-413c-bddb-fc1a7eb6334b] activesupport (5.2.3) lib/active_support/tagged_logging.rb:71:in `tagged'
[49f4223e-d3ad-413c-bddb-fc1a7eb6334b] railties (5.2.3) lib/rails/rack/logger.rb:26:in `call'
[49f4223e-d3ad-413c-bddb-fc1a7eb6334b] actionpack (5.2.3) lib/action_dispatch/middleware/remote_ip.rb:81:in `call'
[49f4223e-d3ad-413c-bddb-fc1a7eb6334b] actionpack (5.2.3) lib/action_dispatch/middleware/request_id.rb:27:in `call'
[49f4223e-d3ad-413c-bddb-fc1a7eb6334b] rack (2.0.7) lib/rack/runtime.rb:22:in `call'
[49f4223e-d3ad-413c-bddb-fc1a7eb6334b] activesupport (5.2.3) lib/active_support/cache/strategy/local_cache_middleware.rb:29:in `call'
[49f4223e-d3ad-413c-bddb-fc1a7eb6334b] actionpack (5.2.3) lib/action_dispatch/middleware/executor.rb:14:in `call'
[49f4223e-d3ad-413c-bddb-fc1a7eb6334b] rack (2.0.7) lib/rack/sendfile.rb:111:in `call'
[49f4223e-d3ad-413c-bddb-fc1a7eb6334b] railties (5.2.3) lib/rails/engine.rb:524:in `call'
[49f4223e-d3ad-413c-bddb-fc1a7eb6334b] puma (3.12.1) lib/puma/configuration.rb:227:in `call'
[49f4223e-d3ad-413c-bddb-fc1a7eb6334b] puma (3.12.1) lib/puma/server.rb:660:in `handle_request'
[49f4223e-d3ad-413c-bddb-fc1a7eb6334b] puma (3.12.1) lib/puma/server.rb:474:in `process_client'
[49f4223e-d3ad-413c-bddb-fc1a7eb6334b] puma (3.12.1) lib/puma/server.rb:334:in `block in run'
[49f4223e-d3ad-413c-bddb-fc1a7eb6334b] puma (3.12.1) lib/puma/thread_pool.rb:135:in `block in spawn_thread'
I, [2019-08-21T15:07:50.392038 #77875]  INFO -- : [b1a1e572-dae4-4d62-a1b3-86fbf94f5425] Started GET "/" for 127.0.0.1 at 2019-08-21 15:07:50 -0500
F, [2019-08-21T15:07:50.392621 #77875] FATAL -- : [b1a1e572-dae4-4d62-a1b3-86fbf94f5425]   
F, [2019-08-21T15:07:50.392685 #77875] FATAL -- : [b1a1e572-dae4-4d62-a1b3-86fbf94f5425] ActionController::RoutingError (No route matches [GET] "/"):
F, [2019-08-21T15:07:50.392730 #77875] FATAL -- : [b1a1e572-dae4-4d62-a1b3-86fbf94f5425]   
F, [2019-08-21T15:07:50.392781 #77875] FATAL -- : [b1a1e572-dae4-4d62-a1b3-86fbf94f5425] actionpack (5.2.3) lib/action_dispatch/middleware/debug_exceptions.rb:65:in `call'
[b1a1e572-dae4-4d62-a1b3-86fbf94f5425] actionpack (5.2.3) lib/action_dispatch/middleware/show_exceptions.rb:33:in `call'
[b1a1e572-dae4-4d62-a1b3-86fbf94f5425] railties (5.2.3) lib/rails/rack/logger.rb:38:in `call_app'
[b1a1e572-dae4-4d62-a1b3-86fbf94f5425] railties (5.2.3) lib/rails/rack/logger.rb:26:in `block in call'
[b1a1e572-dae4-4d62-a1b3-86fbf94f5425] activesupport (5.2.3) lib/active_support/tagged_logging.rb:71:in `block in tagged'
[b1a1e572-dae4-4d62-a1b3-86fbf94f5425] activesupport (5.2.3) lib/active_support/tagged_logging.rb:28:in `tagged'
[b1a1e572-dae4-4d62-a1b3-86fbf94f5425] activesupport (5.2.3) lib/active_support/tagged_logging.rb:71:in `tagged'
[b1a1e572-dae4-4d62-a1b3-86fbf94f5425] railties (5.2.3) lib/rails/rack/logger.rb:26:in `call'
[b1a1e572-dae4-4d62-a1b3-86fbf94f5425] actionpack (5.2.3) lib/action_dispatch/middleware/remote_ip.rb:81:in `call'
[b1a1e572-dae4-4d62-a1b3-86fbf94f5425] actionpack (5.2.3) lib/action_dispatch/middleware/request_id.rb:27:in `call'
[b1a1e572-dae4-4d62-a1b3-86fbf94f5425] rack (2.0.7) lib/rack/runtime.rb:22:in `call'
[b1a1e572-dae4-4d62-a1b3-86fbf94f5425] activesupport (5.2.3) lib/active_support/cache/strategy/local_cache_middleware.rb:29:in `call'
[b1a1e572-dae4-4d62-a1b3-86fbf94f5425] actionpack (5.2.3) lib/action_dispatch/middleware/executor.rb:14:in `call'
[b1a1e572-dae4-4d62-a1b3-86fbf94f5425] rack (2.0.7) lib/rack/sendfile.rb:111:in `call'
[b1a1e572-dae4-4d62-a1b3-86fbf94f5425] railties (5.2.3) lib/rails/engine.rb:524:in `call'
[b1a1e572-dae4-4d62-a1b3-86fbf94f5425] puma (3.12.1) lib/puma/configuration.rb:227:in `call'
[b1a1e572-dae4-4d62-a1b3-86fbf94f5425] puma (3.12.1) lib/puma/server.rb:660:in `handle_request'
[b1a1e572-dae4-4d62-a1b3-86fbf94f5425] puma (3.12.1) lib/puma/server.rb:474:in `process_client'
[b1a1e572-dae4-4d62-a1b3-86fbf94f5425] puma (3.12.1) lib/puma/server.rb:334:in `block in run'
[b1a1e572-dae4-4d62-a1b3-86fbf94f5425] puma (3.12.1) lib/puma/thread_pool.rb:135:in `block in spawn_thread'
I, [2019-08-21T15:07:58.633134 #77875]  INFO -- : [b8a29c03-e264-4f17-8c25-b2b6382deeb7] Started GET "/" for 127.0.0.1 at 2019-08-21 15:07:58 -0500
F, [2019-08-21T15:07:58.633705 #77875] FATAL -- : [b8a29c03-e264-4f17-8c25-b2b6382deeb7]   
F, [2019-08-21T15:07:58.633754 #77875] FATAL -- : [b8a29c03-e264-4f17-8c25-b2b6382deeb7] ActionController::RoutingError (No route matches [GET] "/"):
F, [2019-08-21T15:07:58.633808 #77875] FATAL -- : [b8a29c03-e264-4f17-8c25-b2b6382deeb7]   
F, [2019-08-21T15:07:58.633864 #77875] FATAL -- : [b8a29c03-e264-4f17-8c25-b2b6382deeb7] actionpack (5.2.3) lib/action_dispatch/middleware/debug_exceptions.rb:65:in `call'
[b8a29c03-e264-4f17-8c25-b2b6382deeb7] actionpack (5.2.3) lib/action_dispatch/middleware/show_exceptions.rb:33:in `call'
[b8a29c03-e264-4f17-8c25-b2b6382deeb7] railties (5.2.3) lib/rails/rack/logger.rb:38:in `call_app'
[b8a29c03-e264-4f17-8c25-b2b6382deeb7] railties (5.2.3) lib/rails/rack/logger.rb:26:in `block in call'
[b8a29c03-e264-4f17-8c25-b2b6382deeb7] activesupport (5.2.3) lib/active_support/tagged_logging.rb:71:in `block in tagged'
[b8a29c03-e264-4f17-8c25-b2b6382deeb7] activesupport (5.2.3) lib/active_support/tagged_logging.rb:28:in `tagged'
[b8a29c03-e264-4f17-8c25-b2b6382deeb7] activesupport (5.2.3) lib/active_support/tagged_logging.rb:71:in `tagged'
[b8a29c03-e264-4f17-8c25-b2b6382deeb7] railties (5.2.3) lib/rails/rack/logger.rb:26:in `call'
[b8a29c03-e264-4f17-8c25-b2b6382deeb7] actionpack (5.2.3) lib/action_dispatch/middleware/remote_ip.rb:81:in `call'
[b8a29c03-e264-4f17-8c25-b2b6382deeb7] actionpack (5.2.3) lib/action_dispatch/middleware/request_id.rb:27:in `call'
[b8a29c03-e264-4f17-8c25-b2b6382deeb7] rack (2.0.7) lib/rack/runtime.rb:22:in `call'
[b8a29c03-e264-4f17-8c25-b2b6382deeb7] activesupport (5.2.3) lib/active_support/cache/strategy/local_cache_middleware.rb:29:in `call'
[b8a29c03-e264-4f17-8c25-b2b6382deeb7] actionpack (5.2.3) lib/action_dispatch/middleware/executor.rb:14:in `call'
[b8a29c03-e264-4f17-8c25-b2b6382deeb7] rack (2.0.7) lib/rack/sendfile.rb:111:in `call'
[b8a29c03-e264-4f17-8c25-b2b6382deeb7] railties (5.2.3) lib/rails/engine.rb:524:in `call'
[b8a29c03-e264-4f17-8c25-b2b6382deeb7] puma (3.12.1) lib/puma/configuration.rb:227:in `call'
[b8a29c03-e264-4f17-8c25-b2b6382deeb7] puma (3.12.1) lib/puma/server.rb:660:in `handle_request'
[b8a29c03-e264-4f17-8c25-b2b6382deeb7] puma (3.12.1) lib/puma/server.rb:474:in `process_client'
[b8a29c03-e264-4f17-8c25-b2b6382deeb7] puma (3.12.1) lib/puma/server.rb:334:in `block in run'
[b8a29c03-e264-4f17-8c25-b2b6382deeb7] puma (3.12.1) lib/puma/thread_pool.rb:135:in `block in spawn_thread'
I, [2019-08-21T15:08:37.146810 #78033]  INFO -- : [9876d895-ac57-4c08-9ad0-c55accb74bff] Started GET "/" for 127.0.0.1 at 2019-08-21 15:08:37 -0500
F, [2019-08-21T15:08:37.147543 #78033] FATAL -- : [9876d895-ac57-4c08-9ad0-c55accb74bff]   
F, [2019-08-21T15:08:37.147644 #78033] FATAL -- : [9876d895-ac57-4c08-9ad0-c55accb74bff] ActionController::RoutingError (No route matches [GET] "/"):
F, [2019-08-21T15:08:37.147708 #78033] FATAL -- : [9876d895-ac57-4c08-9ad0-c55accb74bff]   
F, [2019-08-21T15:08:37.147747 #78033] FATAL -- : [9876d895-ac57-4c08-9ad0-c55accb74bff] actionpack (5.2.3) lib/action_dispatch/middleware/debug_exceptions.rb:65:in `call'
[9876d895-ac57-4c08-9ad0-c55accb74bff] actionpack (5.2.3) lib/action_dispatch/middleware/show_exceptions.rb:33:in `call'
[9876d895-ac57-4c08-9ad0-c55accb74bff] railties (5.2.3) lib/rails/rack/logger.rb:38:in `call_app'
[9876d895-ac57-4c08-9ad0-c55accb74bff] railties (5.2.3) lib/rails/rack/logger.rb:26:in `block in call'
[9876d895-ac57-4c08-9ad0-c55accb74bff] activesupport (5.2.3) lib/active_support/tagged_logging.rb:71:in `block in tagged'
[9876d895-ac57-4c08-9ad0-c55accb74bff] activesupport (5.2.3) lib/active_support/tagged_logging.rb:28:in `tagged'
[9876d895-ac57-4c08-9ad0-c55accb74bff] activesupport (5.2.3) lib/active_support/tagged_logging.rb:71:in `tagged'
[9876d895-ac57-4c08-9ad0-c55accb74bff] railties (5.2.3) lib/rails/rack/logger.rb:26:in `call'
[9876d895-ac57-4c08-9ad0-c55accb74bff] actionpack (5.2.3) lib/action_dispatch/middleware/remote_ip.rb:81:in `call'
[9876d895-ac57-4c08-9ad0-c55accb74bff] actionpack (5.2.3) lib/action_dispatch/middleware/request_id.rb:27:in `call'
[9876d895-ac57-4c08-9ad0-c55accb74bff] rack (2.0.7) lib/rack/runtime.rb:22:in `call'
[9876d895-ac57-4c08-9ad0-c55accb74bff] activesupport (5.2.3) lib/active_support/cache/strategy/local_cache_middleware.rb:29:in `call'
[9876d895-ac57-4c08-9ad0-c55accb74bff] actionpack (5.2.3) lib/action_dispatch/middleware/executor.rb:14:in `call'
[9876d895-ac57-4c08-9ad0-c55accb74bff] rack (2.0.7) lib/rack/sendfile.rb:111:in `call'
[9876d895-ac57-4c08-9ad0-c55accb74bff] railties (5.2.3) lib/rails/engine.rb:524:in `call'
[9876d895-ac57-4c08-9ad0-c55accb74bff] puma (3.12.1) lib/puma/configuration.rb:227:in `call'
[9876d895-ac57-4c08-9ad0-c55accb74bff] puma (3.12.1) lib/puma/server.rb:660:in `handle_request'
[9876d895-ac57-4c08-9ad0-c55accb74bff] puma (3.12.1) lib/puma/server.rb:474:in `process_client'
[9876d895-ac57-4c08-9ad0-c55accb74bff] puma (3.12.1) lib/puma/server.rb:334:in `block in run'
[9876d895-ac57-4c08-9ad0-c55accb74bff] puma (3.12.1) lib/puma/thread_pool.rb:135:in `block in spawn_thread'
I, [2019-08-23T10:20:45.228409 #5281]  INFO -- : [70c01e29-1ec8-4b79-93bb-cab5c637a242] Started POST "/signup" for 127.0.0.1 at 2019-08-23 10:20:45 -0500
F, [2019-08-23T10:20:45.279385 #5281] FATAL -- : [70c01e29-1ec8-4b79-93bb-cab5c637a242]   
F, [2019-08-23T10:20:45.279558 #5281] FATAL -- : [70c01e29-1ec8-4b79-93bb-cab5c637a242] ActiveRecord::NoDatabaseError (FATAL:  database "todos-api_production" does not exist
):
F, [2019-08-23T10:20:45.279639 #5281] FATAL -- : [70c01e29-1ec8-4b79-93bb-cab5c637a242]   
F, [2019-08-23T10:20:45.279952 #5281] FATAL -- : [70c01e29-1ec8-4b79-93bb-cab5c637a242] activerecord (5.2.3) lib/active_record/connection_adapters/postgresql_adapter.rb:696:in `rescue in connect'
[70c01e29-1ec8-4b79-93bb-cab5c637a242] activerecord (5.2.3) lib/active_record/connection_adapters/postgresql_adapter.rb:692:in `connect'
[70c01e29-1ec8-4b79-93bb-cab5c637a242] activerecord (5.2.3) lib/active_record/connection_adapters/postgresql_adapter.rb:223:in `initialize'
[70c01e29-1ec8-4b79-93bb-cab5c637a242] activerecord (5.2.3) lib/active_record/connection_adapters/postgresql_adapter.rb:48:in `new'
[70c01e29-1ec8-4b79-93bb-cab5c637a242] activerecord (5.2.3) lib/active_record/connection_adapters/postgresql_adapter.rb:48:in `postgresql_connection'
[70c01e29-1ec8-4b79-93bb-cab5c637a242] activerecord (5.2.3) lib/active_record/connection_adapters/abstract/connection_pool.rb:811:in `new_connection'
[70c01e29-1ec8-4b79-93bb-cab5c637a242] activerecord (5.2.3) lib/active_record/connection_adapters/abstract/connection_pool.rb:855:in `checkout_new_connection'
[70c01e29-1ec8-4b79-93bb-cab5c637a242] activerecord (5.2.3) lib/active_record/connection_adapters/abstract/connection_pool.rb:834:in `try_to_checkout_new_connection'
[70c01e29-1ec8-4b79-93bb-cab5c637a242] activerecord (5.2.3) lib/active_record/connection_adapters/abstract/connection_pool.rb:795:in `acquire_connection'
[70c01e29-1ec8-4b79-93bb-cab5c637a242] activerecord (5.2.3) lib/active_record/connection_adapters/abstract/connection_pool.rb:523:in `checkout'
[70c01e29-1ec8-4b79-93bb-cab5c637a242] activerecord (5.2.3) lib/active_record/connection_adapters/abstract/connection_pool.rb:382:in `connection'
[70c01e29-1ec8-4b79-93bb-cab5c637a242] activerecord (5.2.3) lib/active_record/connection_adapters/abstract/connection_pool.rb:1014:in `retrieve_connection'
[70c01e29-1ec8-4b79-93bb-cab5c637a242] activerecord (5.2.3) lib/active_record/connection_handling.rb:118:in `retrieve_connection'
[70c01e29-1ec8-4b79-93bb-cab5c637a242] activerecord (5.2.3) lib/active_record/connection_handling.rb:90:in `connection'
[70c01e29-1ec8-4b79-93bb-cab5c637a242] activerecord (5.2.3) lib/active_record/model_schema.rb:324:in `table_exists?'
[70c01e29-1ec8-4b79-93bb-cab5c637a242] activerecord (5.2.3) lib/active_record/attribute_methods.rb:163:in `attribute_names'
[70c01e29-1ec8-4b79-93bb-cab5c637a242] actionpack (5.2.3) lib/action_controller/metal/params_wrapper.rb:109:in `block in include'
[70c01e29-1ec8-4b79-93bb-cab5c637a242] /Users/codescrum/.rbenv/versions/2.3.1/lib/ruby/2.3.0/mutex_m.rb:74:in `synchronize'
[70c01e29-1ec8-4b79-93bb-cab5c637a242] /Users/codescrum/.rbenv/versions/2.3.1/lib/ruby/2.3.0/mutex_m.rb:74:in `mu_synchronize'
[70c01e29-1ec8-4b79-93bb-cab5c637a242] actionpack (5.2.3) lib/action_controller/metal/params_wrapper.rb:103:in `include'
[70c01e29-1ec8-4b79-93bb-cab5c637a242] actionpack (5.2.3) lib/action_controller/metal/params_wrapper.rb:277:in `_extract_parameters'
[70c01e29-1ec8-4b79-93bb-cab5c637a242] actionpack (5.2.3) lib/action_controller/metal/params_wrapper.rb:273:in `_wrap_parameters'
[70c01e29-1ec8-4b79-93bb-cab5c637a242] actionpack (5.2.3) lib/action_controller/metal/params_wrapper.rb:245:in `process_action'
[70c01e29-1ec8-4b79-93bb-cab5c637a242] activerecord (5.2.3) lib/active_record/railties/controller_runtime.rb:24:in `process_action'
[70c01e29-1ec8-4b79-93bb-cab5c637a242] actionpack (5.2.3) lib/abstract_controller/base.rb:134:in `process'
[70c01e29-1ec8-4b79-93bb-cab5c637a242] actionpack (5.2.3) lib/action_controller/metal.rb:191:in `dispatch'
[70c01e29-1ec8-4b79-93bb-cab5c637a242] actionpack (5.2.3) lib/action_controller/metal.rb:252:in `dispatch'
[70c01e29-1ec8-4b79-93bb-cab5c637a242] actionpack (5.2.3) lib/action_dispatch/routing/route_set.rb:52:in `dispatch'
[70c01e29-1ec8-4b79-93bb-cab5c637a242] actionpack (5.2.3) lib/action_dispatch/routing/route_set.rb:34:in `serve'
[70c01e29-1ec8-4b79-93bb-cab5c637a242] actionpack (5.2.3) lib/action_dispatch/journey/router.rb:52:in `block in serve'
[70c01e29-1ec8-4b79-93bb-cab5c637a242] actionpack (5.2.3) lib/action_dispatch/journey/router.rb:35:in `each'
[70c01e29-1ec8-4b79-93bb-cab5c637a242] actionpack (5.2.3) lib/action_dispatch/journey/router.rb:35:in `serve'
[70c01e29-1ec8-4b79-93bb-cab5c637a242] actionpack (5.2.3) lib/action_dispatch/routing/route_set.rb:840:in `call'
[70c01e29-1ec8-4b79-93bb-cab5c637a242] rack (2.0.7) lib/rack/etag.rb:25:in `call'
[70c01e29-1ec8-4b79-93bb-cab5c637a242] rack (2.0.7) lib/rack/conditional_get.rb:38:in `call'
[70c01e29-1ec8-4b79-93bb-cab5c637a242] rack (2.0.7) lib/rack/head.rb:12:in `call'
[70c01e29-1ec8-4b79-93bb-cab5c637a242] actionpack (5.2.3) lib/action_dispatch/middleware/callbacks.rb:28:in `block in call'
[70c01e29-1ec8-4b79-93bb-cab5c637a242] activesupport (5.2.3) lib/active_support/callbacks.rb:98:in `run_callbacks'
[70c01e29-1ec8-4b79-93bb-cab5c637a242] actionpack (5.2.3) lib/action_dispatch/middleware/callbacks.rb:26:in `call'
[70c01e29-1ec8-4b79-93bb-cab5c637a242] actionpack (5.2.3) lib/action_dispatch/middleware/debug_exceptions.rb:61:in `call'
[70c01e29-1ec8-4b79-93bb-cab5c637a242] actionpack (5.2.3) lib/action_dispatch/middleware/show_exceptions.rb:33:in `call'
[70c01e29-1ec8-4b79-93bb-cab5c637a242] railties (5.2.3) lib/rails/rack/logger.rb:38:in `call_app'
[70c01e29-1ec8-4b79-93bb-cab5c637a242] railties (5.2.3) lib/rails/rack/logger.rb:26:in `block in call'
[70c01e29-1ec8-4b79-93bb-cab5c637a242] activesupport (5.2.3) lib/active_support/tagged_logging.rb:71:in `block in tagged'
[70c01e29-1ec8-4b79-93bb-cab5c637a242] activesupport (5.2.3) lib/active_support/tagged_logging.rb:28:in `tagged'
[70c01e29-1ec8-4b79-93bb-cab5c637a242] activesupport (5.2.3) lib/active_support/tagged_logging.rb:71:in `tagged'
[70c01e29-1ec8-4b79-93bb-cab5c637a242] railties (5.2.3) lib/rails/rack/logger.rb:26:in `call'
[70c01e29-1ec8-4b79-93bb-cab5c637a242] actionpack (5.2.3) lib/action_dispatch/middleware/remote_ip.rb:81:in `call'
[70c01e29-1ec8-4b79-93bb-cab5c637a242] actionpack (5.2.3) lib/action_dispatch/middleware/request_id.rb:27:in `call'
[70c01e29-1ec8-4b79-93bb-cab5c637a242] rack (2.0.7) lib/rack/runtime.rb:22:in `call'
[70c01e29-1ec8-4b79-93bb-cab5c637a242] activesupport (5.2.3) lib/active_support/cache/strategy/local_cache_middleware.rb:29:in `call'
[70c01e29-1ec8-4b79-93bb-cab5c637a242] actionpack (5.2.3) lib/action_dispatch/middleware/executor.rb:14:in `call'
[70c01e29-1ec8-4b79-93bb-cab5c637a242] rack (2.0.7) lib/rack/sendfile.rb:111:in `call'
[70c01e29-1ec8-4b79-93bb-cab5c637a242] railties (5.2.3) lib/rails/engine.rb:524:in `call'
[70c01e29-1ec8-4b79-93bb-cab5c637a242] puma (3.12.1) lib/puma/configuration.rb:227:in `call'
[70c01e29-1ec8-4b79-93bb-cab5c637a242] puma (3.12.1) lib/puma/server.rb:660:in `handle_request'
[70c01e29-1ec8-4b79-93bb-cab5c637a242] puma (3.12.1) lib/puma/server.rb:474:in `process_client'
[70c01e29-1ec8-4b79-93bb-cab5c637a242] puma (3.12.1) lib/puma/server.rb:334:in `block in run'
[70c01e29-1ec8-4b79-93bb-cab5c637a242] puma (3.12.1) lib/puma/thread_pool.rb:135:in `block in spawn_thread'
I, [2019-08-23T10:22:37.900450 #5511]  INFO -- : [9dcf1b8d-631b-4146-854e-8598d4e2ed1f] Started POST "/signup" for 127.0.0.1 at 2019-08-23 10:22:37 -0500
F, [2019-08-23T10:22:37.911670 #5511] FATAL -- : [9dcf1b8d-631b-4146-854e-8598d4e2ed1f]   
F, [2019-08-23T10:22:37.911850 #5511] FATAL -- : [9dcf1b8d-631b-4146-854e-8598d4e2ed1f] ActiveRecord::NoDatabaseError (FATAL:  database "todos-api_production" does not exist
):
F, [2019-08-23T10:22:37.911896 #5511] FATAL -- : [9dcf1b8d-631b-4146-854e-8598d4e2ed1f]   
F, [2019-08-23T10:22:37.911952 #5511] FATAL -- : [9dcf1b8d-631b-4146-854e-8598d4e2ed1f] activerecord (5.2.3) lib/active_record/connection_adapters/postgresql_adapter.rb:696:in `rescue in connect'
[9dcf1b8d-631b-4146-854e-8598d4e2ed1f] activerecord (5.2.3) lib/active_record/connection_adapters/postgresql_adapter.rb:692:in `connect'
[9dcf1b8d-631b-4146-854e-8598d4e2ed1f] activerecord (5.2.3) lib/active_record/connection_adapters/postgresql_adapter.rb:223:in `initialize'
[9dcf1b8d-631b-4146-854e-8598d4e2ed1f] activerecord (5.2.3) lib/active_record/connection_adapters/postgresql_adapter.rb:48:in `new'
[9dcf1b8d-631b-4146-854e-8598d4e2ed1f] activerecord (5.2.3) lib/active_record/connection_adapters/postgresql_adapter.rb:48:in `postgresql_connection'
[9dcf1b8d-631b-4146-854e-8598d4e2ed1f] activerecord (5.2.3) lib/active_record/connection_adapters/abstract/connection_pool.rb:811:in `new_connection'
[9dcf1b8d-631b-4146-854e-8598d4e2ed1f] activerecord (5.2.3) lib/active_record/connection_adapters/abstract/connection_pool.rb:855:in `checkout_new_connection'
[9dcf1b8d-631b-4146-854e-8598d4e2ed1f] activerecord (5.2.3) lib/active_record/connection_adapters/abstract/connection_pool.rb:834:in `try_to_checkout_new_connection'
[9dcf1b8d-631b-4146-854e-8598d4e2ed1f] activerecord (5.2.3) lib/active_record/connection_adapters/abstract/connection_pool.rb:795:in `acquire_connection'
[9dcf1b8d-631b-4146-854e-8598d4e2ed1f] activerecord (5.2.3) lib/active_record/connection_adapters/abstract/connection_pool.rb:523:in `checkout'
[9dcf1b8d-631b-4146-854e-8598d4e2ed1f] activerecord (5.2.3) lib/active_record/connection_adapters/abstract/connection_pool.rb:382:in `connection'
[9dcf1b8d-631b-4146-854e-8598d4e2ed1f] activerecord (5.2.3) lib/active_record/connection_adapters/abstract/connection_pool.rb:1014:in `retrieve_connection'
[9dcf1b8d-631b-4146-854e-8598d4e2ed1f] activerecord (5.2.3) lib/active_record/connection_handling.rb:118:in `retrieve_connection'
[9dcf1b8d-631b-4146-854e-8598d4e2ed1f] activerecord (5.2.3) lib/active_record/connection_handling.rb:90:in `connection'
[9dcf1b8d-631b-4146-854e-8598d4e2ed1f] activerecord (5.2.3) lib/active_record/model_schema.rb:324:in `table_exists?'
[9dcf1b8d-631b-4146-854e-8598d4e2ed1f] activerecord (5.2.3) lib/active_record/attribute_methods.rb:163:in `attribute_names'
[9dcf1b8d-631b-4146-854e-8598d4e2ed1f] actionpack (5.2.3) lib/action_controller/metal/params_wrapper.rb:109:in `block in include'
[9dcf1b8d-631b-4146-854e-8598d4e2ed1f] /Users/codescrum/.rbenv/versions/2.3.1/lib/ruby/2.3.0/mutex_m.rb:74:in `synchronize'
[9dcf1b8d-631b-4146-854e-8598d4e2ed1f] /Users/codescrum/.rbenv/versions/2.3.1/lib/ruby/2.3.0/mutex_m.rb:74:in `mu_synchronize'
[9dcf1b8d-631b-4146-854e-8598d4e2ed1f] actionpack (5.2.3) lib/action_controller/metal/params_wrapper.rb:103:in `include'
[9dcf1b8d-631b-4146-854e-8598d4e2ed1f] actionpack (5.2.3) lib/action_controller/metal/params_wrapper.rb:277:in `_extract_parameters'
[9dcf1b8d-631b-4146-854e-8598d4e2ed1f] actionpack (5.2.3) lib/action_controller/metal/params_wrapper.rb:273:in `_wrap_parameters'
[9dcf1b8d-631b-4146-854e-8598d4e2ed1f] actionpack (5.2.3) lib/action_controller/metal/params_wrapper.rb:245:in `process_action'
[9dcf1b8d-631b-4146-854e-8598d4e2ed1f] activerecord (5.2.3) lib/active_record/railties/controller_runtime.rb:24:in `process_action'
[9dcf1b8d-631b-4146-854e-8598d4e2ed1f] actionpack (5.2.3) lib/abstract_controller/base.rb:134:in `process'
[9dcf1b8d-631b-4146-854e-8598d4e2ed1f] actionpack (5.2.3) lib/action_controller/metal.rb:191:in `dispatch'
[9dcf1b8d-631b-4146-854e-8598d4e2ed1f] actionpack (5.2.3) lib/action_controller/metal.rb:252:in `dispatch'
[9dcf1b8d-631b-4146-854e-8598d4e2ed1f] actionpack (5.2.3) lib/action_dispatch/routing/route_set.rb:52:in `dispatch'
[9dcf1b8d-631b-4146-854e-8598d4e2ed1f] actionpack (5.2.3) lib/action_dispatch/routing/route_set.rb:34:in `serve'
[9dcf1b8d-631b-4146-854e-8598d4e2ed1f] actionpack (5.2.3) lib/action_dispatch/journey/router.rb:52:in `block in serve'
[9dcf1b8d-631b-4146-854e-8598d4e2ed1f] actionpack (5.2.3) lib/action_dispatch/journey/router.rb:35:in `each'
[9dcf1b8d-631b-4146-854e-8598d4e2ed1f] actionpack (5.2.3) lib/action_dispatch/journey/router.rb:35:in `serve'
[9dcf1b8d-631b-4146-854e-8598d4e2ed1f] actionpack (5.2.3) lib/action_dispatch/routing/route_set.rb:840:in `call'
[9dcf1b8d-631b-4146-854e-8598d4e2ed1f] rack (2.0.7) lib/rack/etag.rb:25:in `call'
[9dcf1b8d-631b-4146-854e-8598d4e2ed1f] rack (2.0.7) lib/rack/conditional_get.rb:38:in `call'
[9dcf1b8d-631b-4146-854e-8598d4e2ed1f] rack (2.0.7) lib/rack/head.rb:12:in `call'
[9dcf1b8d-631b-4146-854e-8598d4e2ed1f] actionpack (5.2.3) lib/action_dispatch/middleware/callbacks.rb:28:in `block in call'
[9dcf1b8d-631b-4146-854e-8598d4e2ed1f] activesupport (5.2.3) lib/active_support/callbacks.rb:98:in `run_callbacks'
[9dcf1b8d-631b-4146-854e-8598d4e2ed1f] actionpack (5.2.3) lib/action_dispatch/middleware/callbacks.rb:26:in `call'
[9dcf1b8d-631b-4146-854e-8598d4e2ed1f] actionpack (5.2.3) lib/action_dispatch/middleware/debug_exceptions.rb:61:in `call'
[9dcf1b8d-631b-4146-854e-8598d4e2ed1f] actionpack (5.2.3) lib/action_dispatch/middleware/show_exceptions.rb:33:in `call'
[9dcf1b8d-631b-4146-854e-8598d4e2ed1f] railties (5.2.3) lib/rails/rack/logger.rb:38:in `call_app'
[9dcf1b8d-631b-4146-854e-8598d4e2ed1f] railties (5.2.3) lib/rails/rack/logger.rb:26:in `block in call'
[9dcf1b8d-631b-4146-854e-8598d4e2ed1f] activesupport (5.2.3) lib/active_support/tagged_logging.rb:71:in `block in tagged'
[9dcf1b8d-631b-4146-854e-8598d4e2ed1f] activesupport (5.2.3) lib/active_support/tagged_logging.rb:28:in `tagged'
[9dcf1b8d-631b-4146-854e-8598d4e2ed1f] activesupport (5.2.3) lib/active_support/tagged_logging.rb:71:in `tagged'
[9dcf1b8d-631b-4146-854e-8598d4e2ed1f] railties (5.2.3) lib/rails/rack/logger.rb:26:in `call'
[9dcf1b8d-631b-4146-854e-8598d4e2ed1f] actionpack (5.2.3) lib/action_dispatch/middleware/remote_ip.rb:81:in `call'
[9dcf1b8d-631b-4146-854e-8598d4e2ed1f] actionpack (5.2.3) lib/action_dispatch/middleware/request_id.rb:27:in `call'
[9dcf1b8d-631b-4146-854e-8598d4e2ed1f] rack (2.0.7) lib/rack/runtime.rb:22:in `call'
[9dcf1b8d-631b-4146-854e-8598d4e2ed1f] activesupport (5.2.3) lib/active_support/cache/strategy/local_cache_middleware.rb:29:in `call'
[9dcf1b8d-631b-4146-854e-8598d4e2ed1f] actionpack (5.2.3) lib/action_dispatch/middleware/executor.rb:14:in `call'
[9dcf1b8d-631b-4146-854e-8598d4e2ed1f] rack (2.0.7) lib/rack/sendfile.rb:111:in `call'
[9dcf1b8d-631b-4146-854e-8598d4e2ed1f] railties (5.2.3) lib/rails/engine.rb:524:in `call'
[9dcf1b8d-631b-4146-854e-8598d4e2ed1f] puma (3.12.1) lib/puma/configuration.rb:227:in `call'
[9dcf1b8d-631b-4146-854e-8598d4e2ed1f] puma (3.12.1) lib/puma/server.rb:660:in `handle_request'
[9dcf1b8d-631b-4146-854e-8598d4e2ed1f] puma (3.12.1) lib/puma/server.rb:474:in `process_client'
[9dcf1b8d-631b-4146-854e-8598d4e2ed1f] puma (3.12.1) lib/puma/server.rb:334:in `block in run'
[9dcf1b8d-631b-4146-854e-8598d4e2ed1f] puma (3.12.1) lib/puma/thread_pool.rb:135:in `block in spawn_thread'
I, [2019-08-23T10:23:37.127072 #5671]  INFO -- : [cfd3f9f9-a8d6-43f0-96c2-a1af2340146f] Started POST "/signup" for 127.0.0.1 at 2019-08-23 10:23:37 -0500
F, [2019-08-23T10:23:37.138427 #5671] FATAL -- : [cfd3f9f9-a8d6-43f0-96c2-a1af2340146f]   
F, [2019-08-23T10:23:37.138500 #5671] FATAL -- : [cfd3f9f9-a8d6-43f0-96c2-a1af2340146f] ActiveRecord::NoDatabaseError (FATAL:  database "todos-api_production" does not exist
):
F, [2019-08-23T10:23:37.138537 #5671] FATAL -- : [cfd3f9f9-a8d6-43f0-96c2-a1af2340146f]   
F, [2019-08-23T10:23:37.138583 #5671] FATAL -- : [cfd3f9f9-a8d6-43f0-96c2-a1af2340146f] activerecord (5.2.3) lib/active_record/connection_adapters/postgresql_adapter.rb:696:in `rescue in connect'
[cfd3f9f9-a8d6-43f0-96c2-a1af2340146f] activerecord (5.2.3) lib/active_record/connection_adapters/postgresql_adapter.rb:692:in `connect'
[cfd3f9f9-a8d6-43f0-96c2-a1af2340146f] activerecord (5.2.3) lib/active_record/connection_adapters/postgresql_adapter.rb:223:in `initialize'
[cfd3f9f9-a8d6-43f0-96c2-a1af2340146f] activerecord (5.2.3) lib/active_record/connection_adapters/postgresql_adapter.rb:48:in `new'
[cfd3f9f9-a8d6-43f0-96c2-a1af2340146f] activerecord (5.2.3) lib/active_record/connection_adapters/postgresql_adapter.rb:48:in `postgresql_connection'
[cfd3f9f9-a8d6-43f0-96c2-a1af2340146f] activerecord (5.2.3) lib/active_record/connection_adapters/abstract/connection_pool.rb:811:in `new_connection'
[cfd3f9f9-a8d6-43f0-96c2-a1af2340146f] activerecord (5.2.3) lib/active_record/connection_adapters/abstract/connection_pool.rb:855:in `checkout_new_connection'
[cfd3f9f9-a8d6-43f0-96c2-a1af2340146f] activerecord (5.2.3) lib/active_record/connection_adapters/abstract/connection_pool.rb:834:in `try_to_checkout_new_connection'
[cfd3f9f9-a8d6-43f0-96c2-a1af2340146f] activerecord (5.2.3) lib/active_record/connection_adapters/abstract/connection_pool.rb:795:in `acquire_connection'
[cfd3f9f9-a8d6-43f0-96c2-a1af2340146f] activerecord (5.2.3) lib/active_record/connection_adapters/abstract/connection_pool.rb:523:in `checkout'
[cfd3f9f9-a8d6-43f0-96c2-a1af2340146f] activerecord (5.2.3) lib/active_record/connection_adapters/abstract/connection_pool.rb:382:in `connection'
[cfd3f9f9-a8d6-43f0-96c2-a1af2340146f] activerecord (5.2.3) lib/active_record/connection_adapters/abstract/connection_pool.rb:1014:in `retrieve_connection'
[cfd3f9f9-a8d6-43f0-96c2-a1af2340146f] activerecord (5.2.3) lib/active_record/connection_handling.rb:118:in `retrieve_connection'
[cfd3f9f9-a8d6-43f0-96c2-a1af2340146f] activerecord (5.2.3) lib/active_record/connection_handling.rb:90:in `connection'
[cfd3f9f9-a8d6-43f0-96c2-a1af2340146f] activerecord (5.2.3) lib/active_record/model_schema.rb:324:in `table_exists?'
[cfd3f9f9-a8d6-43f0-96c2-a1af2340146f] activerecord (5.2.3) lib/active_record/attribute_methods.rb:163:in `attribute_names'
[cfd3f9f9-a8d6-43f0-96c2-a1af2340146f] actionpack (5.2.3) lib/action_controller/metal/params_wrapper.rb:109:in `block in include'
[cfd3f9f9-a8d6-43f0-96c2-a1af2340146f] /Users/codescrum/.rbenv/versions/2.3.1/lib/ruby/2.3.0/mutex_m.rb:74:in `synchronize'
[cfd3f9f9-a8d6-43f0-96c2-a1af2340146f] /Users/codescrum/.rbenv/versions/2.3.1/lib/ruby/2.3.0/mutex_m.rb:74:in `mu_synchronize'
[cfd3f9f9-a8d6-43f0-96c2-a1af2340146f] actionpack (5.2.3) lib/action_controller/metal/params_wrapper.rb:103:in `include'
[cfd3f9f9-a8d6-43f0-96c2-a1af2340146f] actionpack (5.2.3) lib/action_controller/metal/params_wrapper.rb:277:in `_extract_parameters'
[cfd3f9f9-a8d6-43f0-96c2-a1af2340146f] actionpack (5.2.3) lib/action_controller/metal/params_wrapper.rb:273:in `_wrap_parameters'
[cfd3f9f9-a8d6-43f0-96c2-a1af2340146f] actionpack (5.2.3) lib/action_controller/metal/params_wrapper.rb:245:in `process_action'
[cfd3f9f9-a8d6-43f0-96c2-a1af2340146f] activerecord (5.2.3) lib/active_record/railties/controller_runtime.rb:24:in `process_action'
[cfd3f9f9-a8d6-43f0-96c2-a1af2340146f] actionpack (5.2.3) lib/abstract_controller/base.rb:134:in `process'
[cfd3f9f9-a8d6-43f0-96c2-a1af2340146f] actionpack (5.2.3) lib/action_controller/metal.rb:191:in `dispatch'
[cfd3f9f9-a8d6-43f0-96c2-a1af2340146f] actionpack (5.2.3) lib/action_controller/metal.rb:252:in `dispatch'
[cfd3f9f9-a8d6-43f0-96c2-a1af2340146f] actionpack (5.2.3) lib/action_dispatch/routing/route_set.rb:52:in `dispatch'
[cfd3f9f9-a8d6-43f0-96c2-a1af2340146f] actionpack (5.2.3) lib/action_dispatch/routing/route_set.rb:34:in `serve'
[cfd3f9f9-a8d6-43f0-96c2-a1af2340146f] actionpack (5.2.3) lib/action_dispatch/journey/router.rb:52:in `block in serve'
[cfd3f9f9-a8d6-43f0-96c2-a1af2340146f] actionpack (5.2.3) lib/action_dispatch/journey/router.rb:35:in `each'
[cfd3f9f9-a8d6-43f0-96c2-a1af2340146f] actionpack (5.2.3) lib/action_dispatch/journey/router.rb:35:in `serve'
[cfd3f9f9-a8d6-43f0-96c2-a1af2340146f] actionpack (5.2.3) lib/action_dispatch/routing/route_set.rb:840:in `call'
[cfd3f9f9-a8d6-43f0-96c2-a1af2340146f] rack (2.0.7) lib/rack/etag.rb:25:in `call'
[cfd3f9f9-a8d6-43f0-96c2-a1af2340146f] rack (2.0.7) lib/rack/conditional_get.rb:38:in `call'
[cfd3f9f9-a8d6-43f0-96c2-a1af2340146f] rack (2.0.7) lib/rack/head.rb:12:in `call'
[cfd3f9f9-a8d6-43f0-96c2-a1af2340146f] actionpack (5.2.3) lib/action_dispatch/middleware/callbacks.rb:28:in `block in call'
[cfd3f9f9-a8d6-43f0-96c2-a1af2340146f] activesupport (5.2.3) lib/active_support/callbacks.rb:98:in `run_callbacks'
[cfd3f9f9-a8d6-43f0-96c2-a1af2340146f] actionpack (5.2.3) lib/action_dispatch/middleware/callbacks.rb:26:in `call'
[cfd3f9f9-a8d6-43f0-96c2-a1af2340146f] actionpack (5.2.3) lib/action_dispatch/middleware/debug_exceptions.rb:61:in `call'
[cfd3f9f9-a8d6-43f0-96c2-a1af2340146f] actionpack (5.2.3) lib/action_dispatch/middleware/show_exceptions.rb:33:in `call'
[cfd3f9f9-a8d6-43f0-96c2-a1af2340146f] railties (5.2.3) lib/rails/rack/logger.rb:38:in `call_app'
[cfd3f9f9-a8d6-43f0-96c2-a1af2340146f] railties (5.2.3) lib/rails/rack/logger.rb:26:in `block in call'
[cfd3f9f9-a8d6-43f0-96c2-a1af2340146f] activesupport (5.2.3) lib/active_support/tagged_logging.rb:71:in `block in tagged'
[cfd3f9f9-a8d6-43f0-96c2-a1af2340146f] activesupport (5.2.3) lib/active_support/tagged_logging.rb:28:in `tagged'
[cfd3f9f9-a8d6-43f0-96c2-a1af2340146f] activesupport (5.2.3) lib/active_support/tagged_logging.rb:71:in `tagged'
[cfd3f9f9-a8d6-43f0-96c2-a1af2340146f] railties (5.2.3) lib/rails/rack/logger.rb:26:in `call'
[cfd3f9f9-a8d6-43f0-96c2-a1af2340146f] actionpack (5.2.3) lib/action_dispatch/middleware/remote_ip.rb:81:in `call'
[cfd3f9f9-a8d6-43f0-96c2-a1af2340146f] actionpack (5.2.3) lib/action_dispatch/middleware/request_id.rb:27:in `call'
[cfd3f9f9-a8d6-43f0-96c2-a1af2340146f] rack (2.0.7) lib/rack/runtime.rb:22:in `call'
[cfd3f9f9-a8d6-43f0-96c2-a1af2340146f] activesupport (5.2.3) lib/active_support/cache/strategy/local_cache_middleware.rb:29:in `call'
[cfd3f9f9-a8d6-43f0-96c2-a1af2340146f] actionpack (5.2.3) lib/action_dispatch/middleware/executor.rb:14:in `call'
[cfd3f9f9-a8d6-43f0-96c2-a1af2340146f] rack (2.0.7) lib/rack/sendfile.rb:111:in `call'
[cfd3f9f9-a8d6-43f0-96c2-a1af2340146f] railties (5.2.3) lib/rails/engine.rb:524:in `call'
[cfd3f9f9-a8d6-43f0-96c2-a1af2340146f] puma (3.12.1) lib/puma/configuration.rb:227:in `call'
[cfd3f9f9-a8d6-43f0-96c2-a1af2340146f] puma (3.12.1) lib/puma/server.rb:660:in `handle_request'
[cfd3f9f9-a8d6-43f0-96c2-a1af2340146f] puma (3.12.1) lib/puma/server.rb:474:in `process_client'
[cfd3f9f9-a8d6-43f0-96c2-a1af2340146f] puma (3.12.1) lib/puma/server.rb:334:in `block in run'
[cfd3f9f9-a8d6-43f0-96c2-a1af2340146f] puma (3.12.1) lib/puma/thread_pool.rb:135:in `block in spawn_thread'
